{"level":"info","message":"Hello from Acquisiton","service":"acquisitions-api"}
{"level":"info","message":"::1 - - [13/Oct/2025:11:00:18 +0000] \"GET / HTTP/1.1\" 304 - \"-\" \"Mozilla/5.0 (Windows NT 10.0; Win64; x64) AppleWebKit/537.36 (KHTML, like Gecko) Chrome/122.0.0.0 Safari/537.36\"","service":"acquisitions-api"}
{"level":"info","message":"Hello from Acquisiton","service":"acquisitions-api"}
{"level":"info","message":"::1 - - [13/Oct/2025:13:57:15 +0000] \"GET / HTTP/1.1\" 304 - \"-\" \"Mozilla/5.0 (Windows NT 10.0; Win64; x64) AppleWebKit/537.36 (KHTML, like Gecko) Chrome/122.0.0.0 Safari/537.36\"","service":"acquisitions-api"}
{"level":"info","message":"Hello from Acquisiton","service":"acquisitions-api"}
{"level":"info","message":"::1 - - [13/Oct/2025:15:10:42 +0000] \"GET / HTTP/1.1\" 200 23 \"-\" \"HTTPie\"","service":"acquisitions-api"}
{"level":"info","message":"::1 - - [13/Oct/2025:15:11:10 +0000] \"GET /api HTTP/1.1\" 200 41 \"-\" \"HTTPie\"","service":"acquisitions-api"}
{"level":"info","message":"::1 - - [13/Oct/2025:15:11:32 +0000] \"GET /health HTTP/1.1\" 200 75 \"-\" \"HTTPie\"","service":"acquisitions-api"}
{"level":"info","message":"::1 - - [13/Oct/2025:15:12:05 +0000] \"POST /api/auth/sign-in HTTP/1.1\" 200 31 \"-\" \"HTTPie\"","service":"acquisitions-api"}
{"level":"info","message":"::1 - - [14/Oct/2025:10:36:33 +0000] \"POST /api/auth/sign-up HTTP/1.1\" 200 31 \"-\" \"HTTPie\"","service":"acquisitions-api"}
{"level":"info","message":"::1 - - [14/Oct/2025:10:49:34 +0000] \"POST /api/auth/sign-up?ffd=dddd%0A HTTP/1.1\" 400 92 \"-\" \"HTTPie\"","service":"acquisitions-api"}
{"level":"info","message":"::1 - - [14/Oct/2025:10:51:24 +0000] \"POST /api/auth/sign-up HTTP/1.1\" 400 165 \"-\" \"HTTPie\"","service":"acquisitions-api"}
{"level":"info","message":"::1 - - [14/Oct/2025:10:51:46 +0000] \"POST /api/auth/sign-up HTTP/1.1\" 400 63 \"-\" \"HTTPie\"","service":"acquisitions-api"}
{"level":"info","message":"::1 - - [14/Oct/2025:10:51:54 +0000] \"POST /api/auth/sign-up HTTP/1.1\" 400 63 \"-\" \"HTTPie\"","service":"acquisitions-api"}
{"level":"error","message":"signup error createUser is not defined","service":"acquisitions-api","stack":"ReferenceError: createUser is not defined\n    at signup (file:///C:/Users/irem/WebstormProjects/acquisitions/src/controllers/auth.controller.js:23:18)\n    at Layer.handleRequest (C:\\Users\\irem\\WebstormProjects\\acquisitions\\node_modules\\router\\lib\\layer.js:152:17)\n    at next (C:\\Users\\irem\\WebstormProjects\\acquisitions\\node_modules\\router\\lib\\route.js:157:13)\n    at Route.dispatch (C:\\Users\\irem\\WebstormProjects\\acquisitions\\node_modules\\router\\lib\\route.js:117:3)\n    at handle (C:\\Users\\irem\\WebstormProjects\\acquisitions\\node_modules\\router\\index.js:435:11)\n    at Layer.handleRequest (C:\\Users\\irem\\WebstormProjects\\acquisitions\\node_modules\\router\\lib\\layer.js:152:17)\n    at C:\\Users\\irem\\WebstormProjects\\acquisitions\\node_modules\\router\\index.js:295:15\n    at processParams (C:\\Users\\irem\\WebstormProjects\\acquisitions\\node_modules\\router\\index.js:582:12)\n    at next (C:\\Users\\irem\\WebstormProjects\\acquisitions\\node_modules\\router\\index.js:291:5)\n    at Function.handle (C:\\Users\\irem\\WebstormProjects\\acquisitions\\node_modules\\router\\index.js:186:3)"}
{"level":"info","message":"::1 - - [14/Oct/2025:10:52:00 +0000] \"POST /api/auth/sign-up HTTP/1.1\" 500 1321 \"-\" \"HTTPie\"","service":"acquisitions-api"}
{"level":"error","message":"signup error createUser is not defined","service":"acquisitions-api","stack":"ReferenceError: createUser is not defined\n    at signup (file:///C:/Users/irem/WebstormProjects/acquisitions/src/controllers/auth.controller.js:23:18)\n    at Layer.handleRequest (C:\\Users\\irem\\WebstormProjects\\acquisitions\\node_modules\\router\\lib\\layer.js:152:17)\n    at next (C:\\Users\\irem\\WebstormProjects\\acquisitions\\node_modules\\router\\lib\\route.js:157:13)\n    at Route.dispatch (C:\\Users\\irem\\WebstormProjects\\acquisitions\\node_modules\\router\\lib\\route.js:117:3)\n    at handle (C:\\Users\\irem\\WebstormProjects\\acquisitions\\node_modules\\router\\index.js:435:11)\n    at Layer.handleRequest (C:\\Users\\irem\\WebstormProjects\\acquisitions\\node_modules\\router\\lib\\layer.js:152:17)\n    at C:\\Users\\irem\\WebstormProjects\\acquisitions\\node_modules\\router\\index.js:295:15\n    at processParams (C:\\Users\\irem\\WebstormProjects\\acquisitions\\node_modules\\router\\index.js:582:12)\n    at next (C:\\Users\\irem\\WebstormProjects\\acquisitions\\node_modules\\router\\index.js:291:5)\n    at Function.handle (C:\\Users\\irem\\WebstormProjects\\acquisitions\\node_modules\\router\\index.js:186:3)"}
{"level":"info","message":"::1 - - [14/Oct/2025:10:52:02 +0000] \"POST /api/auth/sign-up HTTP/1.1\" 500 1321 \"-\" \"HTTPie\"","service":"acquisitions-api"}
{"level":"error","message":"signup error createUser is not defined","service":"acquisitions-api","stack":"ReferenceError: createUser is not defined\n    at signup (file:///C:/Users/irem/WebstormProjects/acquisitions/src/controllers/auth.controller.js:23:18)\n    at Layer.handleRequest (C:\\Users\\irem\\WebstormProjects\\acquisitions\\node_modules\\router\\lib\\layer.js:152:17)\n    at next (C:\\Users\\irem\\WebstormProjects\\acquisitions\\node_modules\\router\\lib\\route.js:157:13)\n    at Route.dispatch (C:\\Users\\irem\\WebstormProjects\\acquisitions\\node_modules\\router\\lib\\route.js:117:3)\n    at handle (C:\\Users\\irem\\WebstormProjects\\acquisitions\\node_modules\\router\\index.js:435:11)\n    at Layer.handleRequest (C:\\Users\\irem\\WebstormProjects\\acquisitions\\node_modules\\router\\lib\\layer.js:152:17)\n    at C:\\Users\\irem\\WebstormProjects\\acquisitions\\node_modules\\router\\index.js:295:15\n    at processParams (C:\\Users\\irem\\WebstormProjects\\acquisitions\\node_modules\\router\\index.js:582:12)\n    at next (C:\\Users\\irem\\WebstormProjects\\acquisitions\\node_modules\\router\\index.js:291:5)\n    at Function.handle (C:\\Users\\irem\\WebstormProjects\\acquisitions\\node_modules\\router\\index.js:186:3)"}
{"level":"info","message":"::1 - - [14/Oct/2025:10:52:08 +0000] \"POST /api/auth/sign-up HTTP/1.1\" 500 1321 \"-\" \"HTTPie\"","service":"acquisitions-api"}
{"level":"error","message":"signup error createUser is not defined","service":"acquisitions-api","stack":"ReferenceError: createUser is not defined\n    at signup (file:///C:/Users/irem/WebstormProjects/acquisitions/src/controllers/auth.controller.js:23:18)\n    at Layer.handleRequest (C:\\Users\\irem\\WebstormProjects\\acquisitions\\node_modules\\router\\lib\\layer.js:152:17)\n    at next (C:\\Users\\irem\\WebstormProjects\\acquisitions\\node_modules\\router\\lib\\route.js:157:13)\n    at Route.dispatch (C:\\Users\\irem\\WebstormProjects\\acquisitions\\node_modules\\router\\lib\\route.js:117:3)\n    at handle (C:\\Users\\irem\\WebstormProjects\\acquisitions\\node_modules\\router\\index.js:435:11)\n    at Layer.handleRequest (C:\\Users\\irem\\WebstormProjects\\acquisitions\\node_modules\\router\\lib\\layer.js:152:17)\n    at C:\\Users\\irem\\WebstormProjects\\acquisitions\\node_modules\\router\\index.js:295:15\n    at processParams (C:\\Users\\irem\\WebstormProjects\\acquisitions\\node_modules\\router\\index.js:582:12)\n    at next (C:\\Users\\irem\\WebstormProjects\\acquisitions\\node_modules\\router\\index.js:291:5)\n    at Function.handle (C:\\Users\\irem\\WebstormProjects\\acquisitions\\node_modules\\router\\index.js:186:3)"}
{"level":"info","message":"::1 - - [14/Oct/2025:10:52:09 +0000] \"POST /api/auth/sign-up HTTP/1.1\" 500 1321 \"-\" \"HTTPie\"","service":"acquisitions-api"}
{"level":"error","message":"signup error createUser is not defined","service":"acquisitions-api","stack":"ReferenceError: createUser is not defined\n    at signup (file:///C:/Users/irem/WebstormProjects/acquisitions/src/controllers/auth.controller.js:23:18)\n    at Layer.handleRequest (C:\\Users\\irem\\WebstormProjects\\acquisitions\\node_modules\\router\\lib\\layer.js:152:17)\n    at next (C:\\Users\\irem\\WebstormProjects\\acquisitions\\node_modules\\router\\lib\\route.js:157:13)\n    at Route.dispatch (C:\\Users\\irem\\WebstormProjects\\acquisitions\\node_modules\\router\\lib\\route.js:117:3)\n    at handle (C:\\Users\\irem\\WebstormProjects\\acquisitions\\node_modules\\router\\index.js:435:11)\n    at Layer.handleRequest (C:\\Users\\irem\\WebstormProjects\\acquisitions\\node_modules\\router\\lib\\layer.js:152:17)\n    at C:\\Users\\irem\\WebstormProjects\\acquisitions\\node_modules\\router\\index.js:295:15\n    at processParams (C:\\Users\\irem\\WebstormProjects\\acquisitions\\node_modules\\router\\index.js:582:12)\n    at next (C:\\Users\\irem\\WebstormProjects\\acquisitions\\node_modules\\router\\index.js:291:5)\n    at Function.handle (C:\\Users\\irem\\WebstormProjects\\acquisitions\\node_modules\\router\\index.js:186:3)"}
{"level":"info","message":"::1 - - [14/Oct/2025:10:52:27 +0000] \"POST /api/auth/sign-up HTTP/1.1\" 500 1321 \"-\" \"HTTPie\"","service":"acquisitions-api"}
{"level":"error","message":"signup error createUser is not defined","service":"acquisitions-api","stack":"ReferenceError: createUser is not defined\n    at signup (file:///C:/Users/irem/WebstormProjects/acquisitions/src/controllers/auth.controller.js:23:18)\n    at Layer.handleRequest (C:\\Users\\irem\\WebstormProjects\\acquisitions\\node_modules\\router\\lib\\layer.js:152:17)\n    at next (C:\\Users\\irem\\WebstormProjects\\acquisitions\\node_modules\\router\\lib\\route.js:157:13)\n    at Route.dispatch (C:\\Users\\irem\\WebstormProjects\\acquisitions\\node_modules\\router\\lib\\route.js:117:3)\n    at handle (C:\\Users\\irem\\WebstormProjects\\acquisitions\\node_modules\\router\\index.js:435:11)\n    at Layer.handleRequest (C:\\Users\\irem\\WebstormProjects\\acquisitions\\node_modules\\router\\lib\\layer.js:152:17)\n    at C:\\Users\\irem\\WebstormProjects\\acquisitions\\node_modules\\router\\index.js:295:15\n    at processParams (C:\\Users\\irem\\WebstormProjects\\acquisitions\\node_modules\\router\\index.js:582:12)\n    at next (C:\\Users\\irem\\WebstormProjects\\acquisitions\\node_modules\\router\\index.js:291:5)\n    at Function.handle (C:\\Users\\irem\\WebstormProjects\\acquisitions\\node_modules\\router\\index.js:186:3)"}
{"level":"info","message":"::1 - - [14/Oct/2025:10:52:28 +0000] \"POST /api/auth/sign-up HTTP/1.1\" 500 1321 \"-\" \"HTTPie\"","service":"acquisitions-api"}
{"level":"info","message":"::1 - - [14/Oct/2025:14:35:19 +0000] \"POST /api/auth/sign-up HTTP/1.1\" 400 91 \"-\" \"HTTPie\"","service":"acquisitions-api"}
{"level":"info","message":"::1 - - [14/Oct/2025:14:35:36 +0000] \"POST /api/auth/sign-up HTTP/1.1\" 400 91 \"-\" \"HTTPie\"","service":"acquisitions-api"}
{"level":"info","message":"::1 - - [14/Oct/2025:14:35:40 +0000] \"POST /api/auth/sign-up HTTP/1.1\" 400 92 \"-\" \"HTTPie\"","service":"acquisitions-api"}
{"level":"info","message":"::1 - - [14/Oct/2025:14:35:41 +0000] \"POST /api/auth/sign-up HTTP/1.1\" 400 92 \"-\" \"HTTPie\"","service":"acquisitions-api"}
{"level":"info","message":"::1 - - [14/Oct/2025:14:36:37 +0000] \"POST /api/auth/sign-up HTTP/1.1\" 400 92 \"-\" \"HTTPie\"","service":"acquisitions-api"}
{"level":"info","message":"::1 - - [14/Oct/2025:14:36:38 +0000] \"POST /api/auth/sign-up HTTP/1.1\" 400 92 \"-\" \"HTTPie\"","service":"acquisitions-api"}
{"level":"info","message":"User ${newUser.email} created successfully","service":"acquisitions-api"}
{"level":"info","message":"user registered successfully: admin@js.com","service":"acquisitions-api"}
{"level":"info","message":"::1 - - [14/Oct/2025:14:36:49 +0000] \"POST /api/auth/sign-up HTTP/1.1\" 201 98 \"-\" \"HTTPie\"","service":"acquisitions-api"}
{"level":"info","message":"::1 - - [14/Oct/2025:14:36:56 +0000] \"POST /api/auth/sign-up HTTP/1.1\" 400 91 \"-\" \"HTTPie\"","service":"acquisitions-api"}
{"level":"error","message":"error creating the user: ${e}","service":"acquisitions-api"}
{"level":"error","message":"signup error user already exists","service":"acquisitions-api","stack":"Error: user already exists\n    at createUser (file:///C:/Users/irem/WebstormProjects/acquisitions/src/services/auth.service.js:30:39)\n    at process.processTicksAndRejections (node:internal/process/task_queues:105:5)\n    at async signup (file:///C:/Users/irem/WebstormProjects/acquisitions/src/controllers/auth.controller.js:23:18)"}
{"level":"info","message":"::1 - - [14/Oct/2025:14:37:00 +0000] \"POST /api/auth/sign-up HTTP/1.1\" 500 497 \"-\" \"HTTPie\"","service":"acquisitions-api"}
{"level":"error","message":"error creating the user: ${e}","service":"acquisitions-api"}
{"level":"error","message":"signup error user already exists","service":"acquisitions-api","stack":"Error: user already exists\n    at createUser (file:///C:/Users/irem/WebstormProjects/acquisitions/src/services/auth.service.js:30:39)\n    at process.processTicksAndRejections (node:internal/process/task_queues:105:5)\n    at async signup (file:///C:/Users/irem/WebstormProjects/acquisitions/src/controllers/auth.controller.js:23:18)"}
{"level":"info","message":"::1 - - [14/Oct/2025:14:37:01 +0000] \"POST /api/auth/sign-up HTTP/1.1\" 500 497 \"-\" \"HTTPie\"","service":"acquisitions-api"}
{"level":"error","message":"error creating the user: ${e}","service":"acquisitions-api"}
{"level":"error","message":"signup error user already exists","service":"acquisitions-api","stack":"Error: user already exists\n    at createUser (file:///C:/Users/irem/WebstormProjects/acquisitions/src/services/auth.service.js:30:39)\n    at process.processTicksAndRejections (node:internal/process/task_queues:105:5)\n    at async signup (file:///C:/Users/irem/WebstormProjects/acquisitions/src/controllers/auth.controller.js:23:18)"}
{"level":"info","message":"::1 - - [14/Oct/2025:14:37:02 +0000] \"POST /api/auth/sign-up HTTP/1.1\" 500 497 \"-\" \"HTTPie\"","service":"acquisitions-api"}
{"level":"error","message":"error creating the user: ${e}","service":"acquisitions-api"}
{"level":"error","message":"signup error user already exists","service":"acquisitions-api","stack":"Error: user already exists\n    at createUser (file:///C:/Users/irem/WebstormProjects/acquisitions/src/services/auth.service.js:30:39)\n    at process.processTicksAndRejections (node:internal/process/task_queues:105:5)\n    at async signup (file:///C:/Users/irem/WebstormProjects/acquisitions/src/controllers/auth.controller.js:23:18)"}
{"level":"info","message":"::1 - - [14/Oct/2025:14:37:10 +0000] \"POST /api/auth/sign-up HTTP/1.1\" 500 497 \"-\" \"HTTPie\"","service":"acquisitions-api"}
{"level":"error","message":"error creating the user: ${e}","service":"acquisitions-api"}
{"level":"error","message":"signup error user already exists","service":"acquisitions-api","stack":"Error: user already exists\n    at createUser (file:///C:/Users/irem/WebstormProjects/acquisitions/src/services/auth.service.js:30:39)\n    at process.processTicksAndRejections (node:internal/process/task_queues:105:5)\n    at async signup (file:///C:/Users/irem/WebstormProjects/acquisitions/src/controllers/auth.controller.js:23:18)"}
{"level":"info","message":"::1 - - [14/Oct/2025:14:37:11 +0000] \"POST /api/auth/sign-up HTTP/1.1\" 500 497 \"-\" \"HTTPie\"","service":"acquisitions-api"}
{"level":"error","message":"error creating the user: ${e}","service":"acquisitions-api"}
{"level":"error","message":"signup error user already exists","service":"acquisitions-api","stack":"Error: user already exists\n    at createUser (file:///C:/Users/irem/WebstormProjects/acquisitions/src/services/auth.service.js:30:39)\n    at process.processTicksAndRejections (node:internal/process/task_queues:105:5)\n    at async signup (file:///C:/Users/irem/WebstormProjects/acquisitions/src/controllers/auth.controller.js:23:18)"}
{"level":"info","message":"::1 - - [14/Oct/2025:14:37:15 +0000] \"POST /api/auth/sign-up HTTP/1.1\" 500 497 \"-\" \"HTTPie\"","service":"acquisitions-api"}
{"level":"error","message":"error creating the user: ${e}","service":"acquisitions-api"}
{"level":"error","message":"signup error user already exists","service":"acquisitions-api","stack":"Error: user already exists\n    at createUser (file:///C:/Users/irem/WebstormProjects/acquisitions/src/services/auth.service.js:30:39)\n    at process.processTicksAndRejections (node:internal/process/task_queues:105:5)\n    at async signup (file:///C:/Users/irem/WebstormProjects/acquisitions/src/controllers/auth.controller.js:23:18)"}
{"level":"info","message":"::1 - - [14/Oct/2025:14:37:16 +0000] \"POST /api/auth/sign-up HTTP/1.1\" 500 497 \"-\" \"HTTPie\"","service":"acquisitions-api"}
{"level":"error","message":"error creating the user: ${e}","service":"acquisitions-api"}
{"level":"error","message":"signup error user already exists","service":"acquisitions-api","stack":"Error: user already exists\n    at createUser (file:///C:/Users/irem/WebstormProjects/acquisitions/src/services/auth.service.js:30:39)\n    at process.processTicksAndRejections (node:internal/process/task_queues:105:5)\n    at async signup (file:///C:/Users/irem/WebstormProjects/acquisitions/src/controllers/auth.controller.js:23:18)"}
{"level":"info","message":"::1 - - [14/Oct/2025:14:37:17 +0000] \"POST /api/auth/sign-up HTTP/1.1\" 500 497 \"-\" \"HTTPie\"","service":"acquisitions-api"}
{"level":"error","message":"error creating the user: ${e}","service":"acquisitions-api"}
{"level":"error","message":"signup error user already exists","service":"acquisitions-api","stack":"Error: user already exists\n    at createUser (file:///C:/Users/irem/WebstormProjects/acquisitions/src/services/auth.service.js:30:39)\n    at process.processTicksAndRejections (node:internal/process/task_queues:105:5)\n    at async signup (file:///C:/Users/irem/WebstormProjects/acquisitions/src/controllers/auth.controller.js:23:18)"}
{"level":"info","message":"::1 - - [14/Oct/2025:14:37:17 +0000] \"POST /api/auth/sign-up HTTP/1.1\" 500 497 \"-\" \"HTTPie\"","service":"acquisitions-api"}
{"level":"error","message":"error creating the user: ${e}","service":"acquisitions-api"}
{"level":"error","message":"signup error user already exists","service":"acquisitions-api","stack":"Error: user already exists\n    at createUser (file:///C:/Users/irem/WebstormProjects/acquisitions/src/services/auth.service.js:30:39)\n    at process.processTicksAndRejections (node:internal/process/task_queues:105:5)\n    at async signup (file:///C:/Users/irem/WebstormProjects/acquisitions/src/controllers/auth.controller.js:23:18)"}
{"level":"info","message":"::1 - - [14/Oct/2025:14:37:18 +0000] \"POST /api/auth/sign-up HTTP/1.1\" 500 497 \"-\" \"HTTPie\"","service":"acquisitions-api"}
{"level":"error","message":"error creating the user: ${e}","service":"acquisitions-api"}
{"level":"error","message":"signup error user already exists","service":"acquisitions-api","stack":"Error: user already exists\n    at createUser (file:///C:/Users/irem/WebstormProjects/acquisitions/src/services/auth.service.js:30:39)\n    at process.processTicksAndRejections (node:internal/process/task_queues:105:5)\n    at async signup (file:///C:/Users/irem/WebstormProjects/acquisitions/src/controllers/auth.controller.js:23:18)"}
{"level":"info","message":"::1 - - [14/Oct/2025:14:37:18 +0000] \"POST /api/auth/sign-up HTTP/1.1\" 500 497 \"-\" \"HTTPie\"","service":"acquisitions-api"}
{"level":"error","message":"error creating the user: ${e}","service":"acquisitions-api"}
{"level":"error","message":"signup error user already exists","service":"acquisitions-api","stack":"Error: user already exists\n    at createUser (file:///C:/Users/irem/WebstormProjects/acquisitions/src/services/auth.service.js:30:39)\n    at process.processTicksAndRejections (node:internal/process/task_queues:105:5)\n    at async signup (file:///C:/Users/irem/WebstormProjects/acquisitions/src/controllers/auth.controller.js:23:18)"}
{"level":"info","message":"::1 - - [14/Oct/2025:14:37:18 +0000] \"POST /api/auth/sign-up HTTP/1.1\" 500 497 \"-\" \"HTTPie\"","service":"acquisitions-api"}
{"level":"error","message":"error creating the user: ${e}","service":"acquisitions-api"}
{"level":"error","message":"signup error user already exists","service":"acquisitions-api","stack":"Error: user already exists\n    at createUser (file:///C:/Users/irem/WebstormProjects/acquisitions/src/services/auth.service.js:30:39)\n    at process.processTicksAndRejections (node:internal/process/task_queues:105:5)\n    at async signup (file:///C:/Users/irem/WebstormProjects/acquisitions/src/controllers/auth.controller.js:23:18)"}
{"level":"info","message":"::1 - - [14/Oct/2025:14:37:26 +0000] \"POST /api/auth/sign-up HTTP/1.1\" 500 497 \"-\" \"HTTPie\"","service":"acquisitions-api"}
{"level":"error","message":"error creating the user: ${e}","service":"acquisitions-api"}
{"level":"error","message":"signup error user already exists","service":"acquisitions-api","stack":"Error: user already exists\n    at createUser (file:///C:/Users/irem/WebstormProjects/acquisitions/src/services/auth.service.js:30:39)\n    at process.processTicksAndRejections (node:internal/process/task_queues:105:5)\n    at async signup (file:///C:/Users/irem/WebstormProjects/acquisitions/src/controllers/auth.controller.js:23:18)"}
{"level":"info","message":"::1 - - [14/Oct/2025:14:37:30 +0000] \"POST /api/auth/sign-up HTTP/1.1\" 500 497 \"-\" \"HTTPie\"","service":"acquisitions-api"}
{"level":"error","message":"error creating the user: ${e}","service":"acquisitions-api"}
{"level":"error","message":"signup error user already exists","service":"acquisitions-api","stack":"Error: user already exists\n    at createUser (file:///C:/Users/irem/WebstormProjects/acquisitions/src/services/auth.service.js:30:39)\n    at process.processTicksAndRejections (node:internal/process/task_queues:105:5)\n    at async signup (file:///C:/Users/irem/WebstormProjects/acquisitions/src/controllers/auth.controller.js:23:18)"}
{"level":"info","message":"::1 - - [14/Oct/2025:14:37:30 +0000] \"POST /api/auth/sign-up HTTP/1.1\" 500 497 \"-\" \"HTTPie\"","service":"acquisitions-api"}
{"level":"error","message":"error creating the user: ${e}","service":"acquisitions-api"}
{"level":"error","message":"signup error user already exists","service":"acquisitions-api","stack":"Error: user already exists\n    at createUser (file:///C:/Users/irem/WebstormProjects/acquisitions/src/services/auth.service.js:30:39)\n    at process.processTicksAndRejections (node:internal/process/task_queues:105:5)\n    at async signup (file:///C:/Users/irem/WebstormProjects/acquisitions/src/controllers/auth.controller.js:23:18)"}
{"level":"info","message":"::1 - - [14/Oct/2025:14:37:31 +0000] \"POST /api/auth/sign-up HTTP/1.1\" 500 497 \"-\" \"HTTPie\"","service":"acquisitions-api"}
{"level":"error","message":"error creating the user: ${e}","service":"acquisitions-api"}
{"level":"error","message":"signup error user already exists","service":"acquisitions-api","stack":"Error: user already exists\n    at createUser (file:///C:/Users/irem/WebstormProjects/acquisitions/src/services/auth.service.js:30:39)\n    at process.processTicksAndRejections (node:internal/process/task_queues:105:5)\n    at async signup (file:///C:/Users/irem/WebstormProjects/acquisitions/src/controllers/auth.controller.js:23:18)"}
{"level":"info","message":"::1 - - [14/Oct/2025:14:37:31 +0000] \"POST /api/auth/sign-up HTTP/1.1\" 500 497 \"-\" \"HTTPie\"","service":"acquisitions-api"}
{"level":"error","message":"error creating the user: ${e}","service":"acquisitions-api"}
{"level":"error","message":"signup error user already exists","service":"acquisitions-api","stack":"Error: user already exists\n    at createUser (file:///C:/Users/irem/WebstormProjects/acquisitions/src/services/auth.service.js:30:39)\n    at process.processTicksAndRejections (node:internal/process/task_queues:105:5)\n    at async signup (file:///C:/Users/irem/WebstormProjects/acquisitions/src/controllers/auth.controller.js:23:18)"}
{"level":"info","message":"::1 - - [14/Oct/2025:14:37:32 +0000] \"POST /api/auth/sign-up HTTP/1.1\" 500 497 \"-\" \"HTTPie\"","service":"acquisitions-api"}
{"level":"error","message":"error creating the user: ${e}","service":"acquisitions-api"}
{"level":"error","message":"signup error user already exists","service":"acquisitions-api","stack":"Error: user already exists\n    at createUser (file:///C:/Users/irem/WebstormProjects/acquisitions/src/services/auth.service.js:30:39)\n    at process.processTicksAndRejections (node:internal/process/task_queues:105:5)\n    at async signup (file:///C:/Users/irem/WebstormProjects/acquisitions/src/controllers/auth.controller.js:23:18)"}
{"level":"info","message":"::1 - - [14/Oct/2025:14:37:32 +0000] \"POST /api/auth/sign-up HTTP/1.1\" 500 497 \"-\" \"HTTPie\"","service":"acquisitions-api"}
{"level":"error","message":"error creating the user: ${e}","service":"acquisitions-api"}
{"level":"error","message":"signup error user already exists","service":"acquisitions-api","stack":"Error: user already exists\n    at createUser (file:///C:/Users/irem/WebstormProjects/acquisitions/src/services/auth.service.js:30:39)\n    at process.processTicksAndRejections (node:internal/process/task_queues:105:5)\n    at async signup (file:///C:/Users/irem/WebstormProjects/acquisitions/src/controllers/auth.controller.js:23:18)"}
{"level":"info","message":"::1 - - [14/Oct/2025:14:37:34 +0000] \"POST /api/auth/sign-up HTTP/1.1\" 500 497 \"-\" \"HTTPie\"","service":"acquisitions-api"}
{"level":"info","message":"User ${newUser.email} created successfully","service":"acquisitions-api"}
{"level":"info","message":"user registered successfully: admin@jss.com","service":"acquisitions-api"}
{"level":"info","message":"::1 - - [14/Oct/2025:14:38:13 +0000] \"POST /api/auth/sign-up HTTP/1.1\" 201 99 \"-\" \"HTTPie\"","service":"acquisitions-api"}
{"level":"error","message":"error creating the user: ${e}","service":"acquisitions-api"}
{"level":"error","message":"signup error user already exists","service":"acquisitions-api","stack":"Error: user already exists\n    at createUser (file:///C:/Users/irem/WebstormProjects/acquisitions/src/services/auth.service.js:30:39)\n    at process.processTicksAndRejections (node:internal/process/task_queues:105:5)\n    at async signup (file:///C:/Users/irem/WebstormProjects/acquisitions/src/controllers/auth.controller.js:23:18)"}
{"level":"info","message":"::1 - - [14/Oct/2025:14:38:46 +0000] \"POST /api/auth/sign-up HTTP/1.1\" 500 497 \"-\" \"HTTPie\"","service":"acquisitions-api"}
{"level":"info","message":"User ${newUser.email} created successfully","service":"acquisitions-api"}
{"level":"info","message":"user registered successfully: adminn@jss.com","service":"acquisitions-api"}
{"level":"info","message":"::1 - - [14/Oct/2025:14:38:50 +0000] \"POST /api/auth/sign-up HTTP/1.1\" 201 101 \"-\" \"HTTPie\"","service":"acquisitions-api"}
{"level":"error","message":"error creating the user: ${e}","service":"acquisitions-api"}
{"level":"error","message":"signup error user already exists","service":"acquisitions-api","stack":"Error: user already exists\n    at createUser (file:///C:/Users/irem/WebstormProjects/acquisitions/src/services/auth.service.js:30:39)\n    at process.processTicksAndRejections (node:internal/process/task_queues:105:5)\n    at async signup (file:///C:/Users/irem/WebstormProjects/acquisitions/src/controllers/auth.controller.js:23:18)"}
{"level":"info","message":"::1 - - [14/Oct/2025:16:49:51 +0000] \"POST /api/auth/sign-up HTTP/1.1\" 500 497 \"-\" \"HTTPie\"","service":"acquisitions-api"}
{"level":"info","message":"User adminn@jss.com authenticated successfully","service":"acquisitions-api"}
{"level":"info","message":"user signed in successfully: adminn@jss.com","service":"acquisitions-api"}
{"level":"info","message":"::1 - - [14/Oct/2025:16:49:57 +0000] \"POST /api/auth/sign-in HTTP/1.1\" 200 113 \"-\" \"HTTPie\"","service":"acquisitions-api"}
{"level":"info","message":"User admin@jss.com authenticated successfully","service":"acquisitions-api"}
{"level":"info","message":"user signed in successfully: admin@jss.com","service":"acquisitions-api"}
{"level":"info","message":"::1 - - [14/Oct/2025:16:50:41 +0000] \"POST /api/auth/sign-in HTTP/1.1\" 200 111 \"-\" \"HTTPie\"","service":"acquisitions-api"}
{"level":"info","message":"user signed out successfully","service":"acquisitions-api"}
{"level":"info","message":"::1 - - [14/Oct/2025:16:51:00 +0000] \"POST /api/auth/sign-out HTTP/1.1\" 200 42 \"-\" \"HTTPie\"","service":"acquisitions-api"}
{"level":"info","message":"Hello from Acquisiton","service":"acquisitions-api"}
{"level":"info","message":"::1 - - [14/Oct/2025:17:12:15 +0000] \"GET / HTTP/1.1\" 304 - \"-\" \"Mozilla/5.0 (Windows NT 10.0; Win64; x64) AppleWebKit/537.36 (KHTML, like Gecko) Chrome/122.0.0.0 Safari/537.36\"","service":"acquisitions-api"}
{"level":"info","message":"::1 - - [14/Oct/2025:17:12:16 +0000] \"GET /favicon.ico HTTP/1.1\" 404 150 \"-\" \"Mozilla/5.0 (Windows NT 10.0; Win64; x64) AppleWebKit/537.36 (KHTML, like Gecko) Chrome/122.0.0.0 Safari/537.36\"","service":"acquisitions-api"}
{"level":"info","message":"Hello from Acquisiton","service":"acquisitions-api"}
{"level":"info","message":"::1 - - [14/Oct/2025:17:12:17 +0000] \"GET / HTTP/1.1\" 304 - \"-\" \"Mozilla/5.0 (Windows NT 10.0; Win64; x64) AppleWebKit/537.36 (KHTML, like Gecko) Chrome/122.0.0.0 Safari/537.36\"","service":"acquisitions-api"}
{"level":"info","message":"Hello from Acquisiton","service":"acquisitions-api"}
{"level":"info","message":"::1 - - [14/Oct/2025:17:12:17 +0000] \"GET / HTTP/1.1\" 304 - \"-\" \"Mozilla/5.0 (Windows NT 10.0; Win64; x64) AppleWebKit/537.36 (KHTML, like Gecko) Chrome/122.0.0.0 Safari/537.36\"","service":"acquisitions-api"}
{"level":"info","message":"Hello from Acquisiton","service":"acquisitions-api"}
{"level":"info","message":"::1 - - [14/Oct/2025:17:12:17 +0000] \"GET / HTTP/1.1\" 304 - \"-\" \"Mozilla/5.0 (Windows NT 10.0; Win64; x64) AppleWebKit/537.36 (KHTML, like Gecko) Chrome/122.0.0.0 Safari/537.36\"","service":"acquisitions-api"}
{"level":"info","message":"Hello from Acquisiton","service":"acquisitions-api"}
{"level":"info","message":"::1 - - [14/Oct/2025:17:12:18 +0000] \"GET / HTTP/1.1\" 304 - \"-\" \"Mozilla/5.0 (Windows NT 10.0; Win64; x64) AppleWebKit/537.36 (KHTML, like Gecko) Chrome/122.0.0.0 Safari/537.36\"","service":"acquisitions-api"}
{"level":"info","message":"Hello from Acquisiton","service":"acquisitions-api"}
{"level":"info","message":"::1 - - [14/Oct/2025:17:12:18 +0000] \"GET / HTTP/1.1\" 304 - \"-\" \"Mozilla/5.0 (Windows NT 10.0; Win64; x64) AppleWebKit/537.36 (KHTML, like Gecko) Chrome/122.0.0.0 Safari/537.36\"","service":"acquisitions-api"}
{"level":"info","message":"Hello from Acquisiton","service":"acquisitions-api"}
{"level":"info","message":"::1 - - [14/Oct/2025:17:12:18 +0000] \"GET / HTTP/1.1\" 304 - \"-\" \"Mozilla/5.0 (Windows NT 10.0; Win64; x64) AppleWebKit/537.36 (KHTML, like Gecko) Chrome/122.0.0.0 Safari/537.36\"","service":"acquisitions-api"}
{"level":"info","message":"Hello from Acquisiton","service":"acquisitions-api"}
{"level":"info","message":"::1 - - [14/Oct/2025:17:12:19 +0000] \"GET / HTTP/1.1\" 304 - \"-\" \"Mozilla/5.0 (Windows NT 10.0; Win64; x64) AppleWebKit/537.36 (KHTML, like Gecko) Chrome/122.0.0.0 Safari/537.36\"","service":"acquisitions-api"}
{"level":"info","message":"Hello from Acquisiton","service":"acquisitions-api"}
{"level":"info","message":"::1 - - [14/Oct/2025:17:12:19 +0000] \"GET / HTTP/1.1\" 304 - \"-\" \"Mozilla/5.0 (Windows NT 10.0; Win64; x64) AppleWebKit/537.36 (KHTML, like Gecko) Chrome/122.0.0.0 Safari/537.36\"","service":"acquisitions-api"}
{"level":"info","message":"Hello from Acquisiton","service":"acquisitions-api"}
{"level":"info","message":"::1 - - [14/Oct/2025:17:12:19 +0000] \"GET / HTTP/1.1\" 304 - \"-\" \"Mozilla/5.0 (Windows NT 10.0; Win64; x64) AppleWebKit/537.36 (KHTML, like Gecko) Chrome/122.0.0.0 Safari/537.36\"","service":"acquisitions-api"}
{"level":"info","message":"Hello from Acquisiton","service":"acquisitions-api"}
{"level":"info","message":"::1 - - [14/Oct/2025:17:12:19 +0000] \"GET / HTTP/1.1\" 304 - \"-\" \"Mozilla/5.0 (Windows NT 10.0; Win64; x64) AppleWebKit/537.36 (KHTML, like Gecko) Chrome/122.0.0.0 Safari/537.36\"","service":"acquisitions-api"}
{"level":"info","message":"Hello from Acquisiton","service":"acquisitions-api"}
{"level":"info","message":"::1 - - [14/Oct/2025:17:12:20 +0000] \"GET / HTTP/1.1\" 304 - \"-\" \"Mozilla/5.0 (Windows NT 10.0; Win64; x64) AppleWebKit/537.36 (KHTML, like Gecko) Chrome/122.0.0.0 Safari/537.36\"","service":"acquisitions-api"}
{"level":"info","message":"Hello from Acquisiton","service":"acquisitions-api"}
{"level":"info","message":"::1 - - [14/Oct/2025:17:12:20 +0000] \"GET / HTTP/1.1\" 304 - \"-\" \"Mozilla/5.0 (Windows NT 10.0; Win64; x64) AppleWebKit/537.36 (KHTML, like Gecko) Chrome/122.0.0.0 Safari/537.36\"","service":"acquisitions-api"}
{"level":"info","message":"Hello from Acquisiton","service":"acquisitions-api"}
{"level":"info","message":"::1 - - [14/Oct/2025:17:12:20 +0000] \"GET / HTTP/1.1\" 304 - \"-\" \"Mozilla/5.0 (Windows NT 10.0; Win64; x64) AppleWebKit/537.36 (KHTML, like Gecko) Chrome/122.0.0.0 Safari/537.36\"","service":"acquisitions-api"}
{"level":"info","message":"Hello from Acquisiton","service":"acquisitions-api"}
{"level":"info","message":"::1 - - [14/Oct/2025:17:12:20 +0000] \"GET / HTTP/1.1\" 304 - \"-\" \"Mozilla/5.0 (Windows NT 10.0; Win64; x64) AppleWebKit/537.36 (KHTML, like Gecko) Chrome/122.0.0.0 Safari/537.36\"","service":"acquisitions-api"}
{"level":"info","message":"Hello from Acquisiton","service":"acquisitions-api"}
{"level":"info","message":"::1 - - [14/Oct/2025:17:12:20 +0000] \"GET / HTTP/1.1\" 304 - \"-\" \"Mozilla/5.0 (Windows NT 10.0; Win64; x64) AppleWebKit/537.36 (KHTML, like Gecko) Chrome/122.0.0.0 Safari/537.36\"","service":"acquisitions-api"}
{"level":"info","message":"Hello from Acquisiton","service":"acquisitions-api"}
{"level":"info","message":"::1 - - [14/Oct/2025:17:12:20 +0000] \"GET / HTTP/1.1\" 304 - \"-\" \"Mozilla/5.0 (Windows NT 10.0; Win64; x64) AppleWebKit/537.36 (KHTML, like Gecko) Chrome/122.0.0.0 Safari/537.36\"","service":"acquisitions-api"}
{"level":"info","message":"Hello from Acquisiton","service":"acquisitions-api"}
{"level":"info","message":"::1 - - [14/Oct/2025:17:12:21 +0000] \"GET / HTTP/1.1\" 304 - \"-\" \"Mozilla/5.0 (Windows NT 10.0; Win64; x64) AppleWebKit/537.36 (KHTML, like Gecko) Chrome/122.0.0.0 Safari/537.36\"","service":"acquisitions-api"}
{"level":"info","message":"Hello from Acquisiton","service":"acquisitions-api"}
{"level":"info","message":"::1 - - [14/Oct/2025:17:12:21 +0000] \"GET / HTTP/1.1\" 304 - \"-\" \"Mozilla/5.0 (Windows NT 10.0; Win64; x64) AppleWebKit/537.36 (KHTML, like Gecko) Chrome/122.0.0.0 Safari/537.36\"","service":"acquisitions-api"}
{"level":"info","message":"Hello from Acquisiton","service":"acquisitions-api"}
{"level":"info","message":"::1 - - [14/Oct/2025:17:12:22 +0000] \"GET / HTTP/1.1\" 304 - \"-\" \"Mozilla/5.0 (Windows NT 10.0; Win64; x64) AppleWebKit/537.36 (KHTML, like Gecko) Chrome/122.0.0.0 Safari/537.36\"","service":"acquisitions-api"}
{"level":"info","message":"Hello from Acquisiton","service":"acquisitions-api"}
{"level":"info","message":"::1 - - [14/Oct/2025:17:12:22 +0000] \"GET / HTTP/1.1\" 304 - \"-\" \"Mozilla/5.0 (Windows NT 10.0; Win64; x64) AppleWebKit/537.36 (KHTML, like Gecko) Chrome/122.0.0.0 Safari/537.36\"","service":"acquisitions-api"}
{"level":"info","message":"Hello from Acquisiton","service":"acquisitions-api"}
{"level":"info","message":"::1 - - [14/Oct/2025:17:12:23 +0000] \"GET / HTTP/1.1\" 304 - \"-\" \"Mozilla/5.0 (Windows NT 10.0; Win64; x64) AppleWebKit/537.36 (KHTML, like Gecko) Chrome/122.0.0.0 Safari/537.36\"","service":"acquisitions-api"}
{"level":"info","message":"Hello from Acquisiton","service":"acquisitions-api"}
{"level":"info","message":"::1 - - [14/Oct/2025:17:12:23 +0000] \"GET / HTTP/1.1\" 304 - \"-\" \"Mozilla/5.0 (Windows NT 10.0; Win64; x64) AppleWebKit/537.36 (KHTML, like Gecko) Chrome/122.0.0.0 Safari/537.36\"","service":"acquisitions-api"}
{"level":"info","message":"Hello from Acquisiton","service":"acquisitions-api"}
{"level":"info","message":"::1 - - [14/Oct/2025:17:12:23 +0000] \"GET / HTTP/1.1\" 304 - \"-\" \"Mozilla/5.0 (Windows NT 10.0; Win64; x64) AppleWebKit/537.36 (KHTML, like Gecko) Chrome/122.0.0.0 Safari/537.36\"","service":"acquisitions-api"}
{"level":"info","message":"Hello from Acquisiton","service":"acquisitions-api"}
{"level":"info","message":"::1 - - [14/Oct/2025:17:12:24 +0000] \"GET / HTTP/1.1\" 304 - \"-\" \"Mozilla/5.0 (Windows NT 10.0; Win64; x64) AppleWebKit/537.36 (KHTML, like Gecko) Chrome/122.0.0.0 Safari/537.36\"","service":"acquisitions-api"}
{"level":"info","message":"::1 - - [14/Oct/2025:18:50:48 +0000] \"POST /health HTTP/1.1\" 404 146 \"-\" \"HTTPie\"","service":"acquisitions-api"}
{"level":"info","message":"::1 - - [14/Oct/2025:18:51:41 +0000] \"POST /health HTTP/1.1\" 404 146 \"-\" \"HTTPie\"","service":"acquisitions-api"}
{"level":"info","message":"::1 - - [14/Oct/2025:18:51:42 +0000] \"POST /health HTTP/1.1\" 404 146 \"-\" \"HTTPie\"","service":"acquisitions-api"}
{"level":"info","message":"::1 - - [14/Oct/2025:18:51:48 +0000] \"GET /health HTTP/1.1\" 200 74 \"-\" \"HTTPie\"","service":"acquisitions-api"}
{"level":"info","message":"::1 - - [14/Oct/2025:18:51:54 +0000] \"GET /health HTTP/1.1\" 200 74 \"-\" \"HTTPie\"","service":"acquisitions-api"}
{"level":"info","message":"::1 - - [14/Oct/2025:18:51:55 +0000] \"GET /health HTTP/1.1\" 200 74 \"-\" \"HTTPie\"","service":"acquisitions-api"}
{"ip":"::1","level":"warn","message":"Rate limit exceeded","path":"/health","service":"acquisitions-api","userAgent":"HTTPie"}
{"level":"info","message":"::1 - - [14/Oct/2025:18:51:55 +0000] \"GET /health HTTP/1.1\" 403 51 \"-\" \"HTTPie\"","service":"acquisitions-api"}
{"ip":"::1","level":"warn","message":"Rate limit exceeded","path":"/health","service":"acquisitions-api","userAgent":"HTTPie"}
{"level":"info","message":"::1 - - [14/Oct/2025:18:51:55 +0000] \"GET /health HTTP/1.1\" 403 51 \"-\" \"HTTPie\"","service":"acquisitions-api"}
